[2023-11-29 14:50:45,214]   INFO -  jetbrains.buildServer.STARTUP - Path to the startup configuration file: /opt/teamcity/bin/../conf/teamcity-startup.properties
[2023-11-29 14:50:45,575]   INFO -   jetbrains.buildServer.SERVER - Using logs directory "/opt/teamcity/logs"
[2023-11-29 14:50:45,917]   INFO -  jetbrains.buildServer.STARTUP - 






[2023-11-29 14:50:45,923]   INFO -  jetbrains.buildServer.STARTUP - ===========================================================
[2023-11-29 14:50:45,924]   INFO -  jetbrains.buildServer.STARTUP - Starting TeamCity server
[2023-11-29 14:50:46,429]   INFO -  jetbrains.buildServer.STARTUP - TeamCity version: 2023.05.4 (build 129421), data format version 994
[2023-11-29 14:50:46,441]   INFO -  jetbrains.buildServer.STARTUP - OS: Linux, version 5.15.49-linuxkit-pr, aarch64, Current user: tcuser, Time zone: GMT (UTC)
[2023-11-29 14:50:46,464]   INFO -  jetbrains.buildServer.STARTUP - Java: 17.0.7, OpenJDK 64-Bit Server VM (17.0.7+7-LTS, mixed mode, sharing), OpenJDK Runtime Environment (17.0.7+7-LTS), Amazon.com Inc.; JVM parameters: --add-opens=jdk.management/com.sun.management.internal=ALL-UNNAMED -XX:+IgnoreUnrecognizedVMOptions --add-opens=java.base/java.lang=ALL-UNNAMED --add-opens=java.base/java.io=ALL-UNNAMED --add-opens=java.base/java.util=ALL-UNNAMED --add-opens=java.base/java.util.concurrent=ALL-UNNAMED --add-opens=java.rmi/sun.rmi.transport=ALL-UNNAMED -Djava.util.logging.config.file=/opt/teamcity/conf/logging.properties -Djava.util.logging.manager=org.apache.juli.ClassLoaderLogManager -Djdk.tls.ephemeralDHKeySize=2048 -Djava.protocol.handler.pkgs=org.apache.catalina.webresources -Dorg.apache.catalina.security.SecurityListener.UMASK=0027 -Dteamcity.server.nodeId=node1 -Dteamcity.server.rootURL=http://teamcity:8111 -Dteamcity.data.path=/data/teamcity_server/datadir -Dteamcity.node.data.path=/data/teamcity_server/node_datadir -Xmx2g -XX:ReservedCodeCacheSize=640m -Dteamcity.configuration.path=../conf/teamcity-startup.properties -Dlog4j2.configurationFile=file:/opt/teamcity/bin/../conf/teamcity-server-log4j.xml -Dteamcity_logs=/opt/teamcity/bin/../logs -Djava.awt.headless=true -Dignore.endorsed.dirs= -Dcatalina.base=/opt/teamcity -Dcatalina.home=/opt/teamcity -Djava.io.tmpdir=/opt/teamcity/temp
[2023-11-29 14:50:46,467]   INFO -  jetbrains.buildServer.STARTUP - Garbage collection: G1 Young Generation, G1 Old Generation
[2023-11-29 14:50:46,482]   INFO -  jetbrains.buildServer.STARTUP - Web server version: Apache Tomcat/9.0.75
[2023-11-29 14:50:46,486]   INFO -  jetbrains.buildServer.STARTUP - Server IP addresses: 172.19.0.7
[2023-11-29 14:50:46,492]   INFO -  jetbrains.buildServer.STARTUP - Web server ports: 8111 (protocol: HTTP/1.1, scheme: http), 8105 (shutdown port)
[2023-11-29 14:50:46,512]   INFO -  jetbrains.buildServer.STARTUP - Context path: "/", servlet real path: "/opt/teamcity/webapps/ROOT"
[2023-11-29 14:50:46,552]   INFO -  jetbrains.buildServer.STARTUP - TeamCity distribution type: docker-ubuntu
[2023-11-29 14:50:46,555]   INFO -  jetbrains.buildServer.STARTUP - TeamCity server node id: node1
[2023-11-29 14:50:46,574]   INFO -  jetbrains.buildServer.STARTUP - Version file lock was successfully obtained: /opt/teamcity/webapps/ROOT/BUILD_129421
[2023-11-29 14:50:46,698]   INFO -  jetbrains.buildServer.STARTUP - Current stage: Looking for the TeamCity Data Directory
[2023-11-29 14:50:46,699]   INFO -  jetbrains.buildServer.STARTUP - The TeamCity Data Directory path is determined using the JVM property teamcity.data.path
[2023-11-29 14:50:46,707]   INFO -  jetbrains.buildServer.STARTUP - The TeamCity Data Directory "/data/teamcity_server/datadir" exists
[2023-11-29 14:50:46,708]   INFO -  jetbrains.buildServer.STARTUP - Asking user to confirm first start with the predefined TeamCity Data Directory path
[2023-11-29 14:50:46,772]   INFO -  jetbrains.buildServer.STARTUP - Startup confirmation is required. Open TeamCity web page in the browser. Server is running at http://localhost:8111
[2023-11-29 14:50:46,775]   INFO -  jetbrains.buildServer.STARTUP - Current stage: Confirming TeamCity first start (administrator login is required to proceed)
[2023-11-29 14:50:46,776]   INFO -  jetbrains.buildServer.STARTUP - Administrator can login from web UI using super user authentication token (better use a private browser window)
[2023-11-29 14:50:46,779]   INFO -   jetbrains.buildServer.SERVER - Super user authentication token: 4433020957029500111 (use empty username with the token as the password to access the server)
[2023-11-29 14:54:31,767]   INFO -  jetbrains.buildServer.STARTUP - Current stage: TeamCity server is shutting down
[2023-11-29 14:54:31,768]   INFO -  jetbrains.buildServer.STARTUP - Stopping the main application
[2023-11-29 14:54:31,768]   INFO -  jetbrains.buildServer.STARTUP - The main servlet is not initialized, nothing to shut down.
[2023-11-29 14:54:31,769]   INFO -  jetbrains.buildServer.STARTUP - Version file lock was released: /opt/teamcity/webapps/ROOT/BUILD_129421
[2023-11-29 14:54:31,768]   INFO -  jetbrains.buildServer.STARTUP - Server shutdown event received
[2023-11-29 14:54:31,781]   INFO -  jetbrains.buildServer.STARTUP - Server shutdown complete. Uptime was 3m:46s
[2023-11-29 16:24:01,811]   INFO -  jetbrains.buildServer.STARTUP - Path to the startup configuration file: /opt/teamcity/bin/../conf/teamcity-startup.properties
[2023-11-29 16:24:02,091]   INFO -   jetbrains.buildServer.SERVER - Using logs directory "/opt/teamcity/logs"
[2023-11-29 16:24:02,236]   INFO -  jetbrains.buildServer.STARTUP - 






[2023-11-29 16:24:02,237]   INFO -  jetbrains.buildServer.STARTUP - ===========================================================
[2023-11-29 16:24:02,238]   INFO -  jetbrains.buildServer.STARTUP - Starting TeamCity server
[2023-11-29 16:24:02,588]   INFO -  jetbrains.buildServer.STARTUP - TeamCity version: 2023.05.4 (build 129421), data format version 994
[2023-11-29 16:24:02,596]   INFO -  jetbrains.buildServer.STARTUP - OS: Linux, version 5.15.49-linuxkit-pr, aarch64, Current user: tcuser, Time zone: GMT (UTC)
[2023-11-29 16:24:02,603]   INFO -  jetbrains.buildServer.STARTUP - Java: 17.0.7, OpenJDK 64-Bit Server VM (17.0.7+7-LTS, mixed mode, sharing), OpenJDK Runtime Environment (17.0.7+7-LTS), Amazon.com Inc.; JVM parameters: --add-opens=jdk.management/com.sun.management.internal=ALL-UNNAMED -XX:+IgnoreUnrecognizedVMOptions --add-opens=java.base/java.lang=ALL-UNNAMED --add-opens=java.base/java.io=ALL-UNNAMED --add-opens=java.base/java.util=ALL-UNNAMED --add-opens=java.base/java.util.concurrent=ALL-UNNAMED --add-opens=java.rmi/sun.rmi.transport=ALL-UNNAMED -Djava.util.logging.config.file=/opt/teamcity/conf/logging.properties -Djava.util.logging.manager=org.apache.juli.ClassLoaderLogManager -Djdk.tls.ephemeralDHKeySize=2048 -Djava.protocol.handler.pkgs=org.apache.catalina.webresources -Dorg.apache.catalina.security.SecurityListener.UMASK=0027 -Dteamcity.server.nodeId=node1 -Dteamcity.server.rootURL=http://teamcity:8111 -Dteamcity.data.path=/data/teamcity_server/datadir -Dteamcity.node.data.path=/data/teamcity_server/node_datadir -Xmx2g -XX:ReservedCodeCacheSize=640m -Dteamcity.configuration.path=../conf/teamcity-startup.properties -Dlog4j2.configurationFile=file:/opt/teamcity/bin/../conf/teamcity-server-log4j.xml -Dteamcity_logs=/opt/teamcity/bin/../logs -Djava.awt.headless=true -Dignore.endorsed.dirs= -Dcatalina.base=/opt/teamcity -Dcatalina.home=/opt/teamcity -Djava.io.tmpdir=/opt/teamcity/temp
[2023-11-29 16:24:02,606]   INFO -  jetbrains.buildServer.STARTUP - Garbage collection: G1 Young Generation, G1 Old Generation
[2023-11-29 16:24:02,607]   INFO -  jetbrains.buildServer.STARTUP - Web server version: Apache Tomcat/9.0.75
[2023-11-29 16:24:02,609]   INFO -  jetbrains.buildServer.STARTUP - Server IP addresses: 172.19.0.5
[2023-11-29 16:24:02,615]   INFO -  jetbrains.buildServer.STARTUP - Web server ports: 8111 (protocol: HTTP/1.1, scheme: http), 8105 (shutdown port)
[2023-11-29 16:24:02,616]   INFO -  jetbrains.buildServer.STARTUP - Context path: "/", servlet real path: "/opt/teamcity/webapps/ROOT"
[2023-11-29 16:24:02,623]   INFO -  jetbrains.buildServer.STARTUP - TeamCity distribution type: docker-ubuntu
[2023-11-29 16:24:02,630]   INFO -  jetbrains.buildServer.STARTUP - TeamCity server node id: node1
[2023-11-29 16:24:02,634]   INFO -  jetbrains.buildServer.STARTUP - Version file lock was successfully obtained: /opt/teamcity/webapps/ROOT/BUILD_129421
[2023-11-29 16:24:02,758]   INFO -  jetbrains.buildServer.STARTUP - Current stage: Looking for the TeamCity Data Directory
[2023-11-29 16:24:02,766]   INFO -  jetbrains.buildServer.STARTUP - The TeamCity Data Directory path is determined using the JVM property teamcity.data.path
[2023-11-29 16:24:02,796]   INFO -  jetbrains.buildServer.STARTUP - The TeamCity Data Directory "/data/teamcity_server/datadir" exists
[2023-11-29 16:24:02,800]   INFO -  jetbrains.buildServer.STARTUP - Asking user to confirm first start with the predefined TeamCity Data Directory path
[2023-11-29 16:24:02,817]   INFO -  jetbrains.buildServer.STARTUP - Startup confirmation is required. Open TeamCity web page in the browser. Server is running at http://localhost:8111
[2023-11-29 16:24:02,820]   INFO -  jetbrains.buildServer.STARTUP - Current stage: Confirming TeamCity first start (administrator login is required to proceed)
[2023-11-29 16:24:02,823]   INFO -  jetbrains.buildServer.STARTUP - Administrator can login from web UI using super user authentication token (better use a private browser window)
[2023-11-29 16:24:02,823]   INFO -   jetbrains.buildServer.SERVER - Super user authentication token: 8712144315535396892 (use empty username with the token as the password to access the server)
