29-Nov-2023 14:50:33.918 INFO [main] org.apache.catalina.startup.VersionLoggerListener.log Server version name:   Apache Tomcat/9.0.75
29-Nov-2023 14:50:33.939 INFO [main] org.apache.catalina.startup.VersionLoggerListener.log Server built:          May 4 2023 13:04:05 UTC
29-Nov-2023 14:50:33.939 INFO [main] org.apache.catalina.startup.VersionLoggerListener.log Server version number: 9.0.75.0
29-Nov-2023 14:50:33.939 INFO [main] org.apache.catalina.startup.VersionLoggerListener.log OS Name:               Linux
29-Nov-2023 14:50:33.940 INFO [main] org.apache.catalina.startup.VersionLoggerListener.log OS Version:            5.15.49-linuxkit-pr
29-Nov-2023 14:50:33.940 INFO [main] org.apache.catalina.startup.VersionLoggerListener.log Architecture:          aarch64
29-Nov-2023 14:50:33.940 INFO [main] org.apache.catalina.startup.VersionLoggerListener.log Java Home:             /opt/java/openjdk
29-Nov-2023 14:50:33.940 INFO [main] org.apache.catalina.startup.VersionLoggerListener.log JVM Version:           17.0.7+7-LTS
29-Nov-2023 14:50:33.940 INFO [main] org.apache.catalina.startup.VersionLoggerListener.log JVM Vendor:            Amazon.com Inc.
29-Nov-2023 14:50:33.940 INFO [main] org.apache.catalina.startup.VersionLoggerListener.log CATALINA_BASE:         /opt/teamcity
29-Nov-2023 14:50:33.940 INFO [main] org.apache.catalina.startup.VersionLoggerListener.log CATALINA_HOME:         /opt/teamcity
29-Nov-2023 14:50:33.968 INFO [main] org.apache.catalina.startup.VersionLoggerListener.log Command line argument: --add-opens=jdk.management/com.sun.management.internal=ALL-UNNAMED
29-Nov-2023 14:50:33.969 INFO [main] org.apache.catalina.startup.VersionLoggerListener.log Command line argument: -XX:+IgnoreUnrecognizedVMOptions
29-Nov-2023 14:50:33.969 INFO [main] org.apache.catalina.startup.VersionLoggerListener.log Command line argument: --add-opens=java.base/java.lang=ALL-UNNAMED
29-Nov-2023 14:50:33.969 INFO [main] org.apache.catalina.startup.VersionLoggerListener.log Command line argument: --add-opens=java.base/java.io=ALL-UNNAMED
29-Nov-2023 14:50:33.969 INFO [main] org.apache.catalina.startup.VersionLoggerListener.log Command line argument: --add-opens=java.base/java.util=ALL-UNNAMED
29-Nov-2023 14:50:33.970 INFO [main] org.apache.catalina.startup.VersionLoggerListener.log Command line argument: --add-opens=java.base/java.util.concurrent=ALL-UNNAMED
29-Nov-2023 14:50:33.970 INFO [main] org.apache.catalina.startup.VersionLoggerListener.log Command line argument: --add-opens=java.rmi/sun.rmi.transport=ALL-UNNAMED
29-Nov-2023 14:50:33.970 INFO [main] org.apache.catalina.startup.VersionLoggerListener.log Command line argument: -Djava.util.logging.config.file=/opt/teamcity/conf/logging.properties
29-Nov-2023 14:50:33.970 INFO [main] org.apache.catalina.startup.VersionLoggerListener.log Command line argument: -Djava.util.logging.manager=org.apache.juli.ClassLoaderLogManager
29-Nov-2023 14:50:33.970 INFO [main] org.apache.catalina.startup.VersionLoggerListener.log Command line argument: -Djdk.tls.ephemeralDHKeySize=2048
29-Nov-2023 14:50:33.970 INFO [main] org.apache.catalina.startup.VersionLoggerListener.log Command line argument: -Djava.protocol.handler.pkgs=org.apache.catalina.webresources
29-Nov-2023 14:50:33.978 INFO [main] org.apache.catalina.startup.VersionLoggerListener.log Command line argument: -Dorg.apache.catalina.security.SecurityListener.UMASK=0027
29-Nov-2023 14:50:33.979 INFO [main] org.apache.catalina.startup.VersionLoggerListener.log Command line argument: -Xmx2g
29-Nov-2023 14:50:33.979 INFO [main] org.apache.catalina.startup.VersionLoggerListener.log Command line argument: -XX:ReservedCodeCacheSize=640m
29-Nov-2023 14:50:33.979 INFO [main] org.apache.catalina.startup.VersionLoggerListener.log Command line argument: -Dteamcity.configuration.path=../conf/teamcity-startup.properties
29-Nov-2023 14:50:33.979 INFO [main] org.apache.catalina.startup.VersionLoggerListener.log Command line argument: -Dlog4j2.configurationFile=file:/opt/teamcity/bin/../conf/teamcity-server-log4j.xml
29-Nov-2023 14:50:33.979 INFO [main] org.apache.catalina.startup.VersionLoggerListener.log Command line argument: -Dteamcity_logs=/opt/teamcity/bin/../logs
29-Nov-2023 14:50:33.979 INFO [main] org.apache.catalina.startup.VersionLoggerListener.log Command line argument: -Djava.awt.headless=true
29-Nov-2023 14:50:33.979 INFO [main] org.apache.catalina.startup.VersionLoggerListener.log Command line argument: -Dignore.endorsed.dirs=
29-Nov-2023 14:50:33.979 INFO [main] org.apache.catalina.startup.VersionLoggerListener.log Command line argument: -Dcatalina.base=/opt/teamcity
29-Nov-2023 14:50:33.980 INFO [main] org.apache.catalina.startup.VersionLoggerListener.log Command line argument: -Dcatalina.home=/opt/teamcity
29-Nov-2023 14:50:33.980 INFO [main] org.apache.catalina.startup.VersionLoggerListener.log Command line argument: -Djava.io.tmpdir=/opt/teamcity/temp
29-Nov-2023 14:50:33.983 INFO [main] org.apache.catalina.core.AprLifecycleListener.lifecycleEvent The Apache Tomcat Native library which allows using OpenSSL was not found on the java.library.path: [/usr/java/packages/lib:/usr/lib64:/lib64:/lib:/usr/lib]
29-Nov-2023 14:50:34.982 INFO [main] org.apache.coyote.AbstractProtocol.init Initializing ProtocolHandler ["http-nio-8111"]
29-Nov-2023 14:50:35.055 INFO [main] org.apache.catalina.startup.Catalina.load Server initialization in [1742] milliseconds
29-Nov-2023 14:50:35.197 INFO [main] org.apache.catalina.core.StandardService.startInternal Starting service [Catalina]
29-Nov-2023 14:50:35.197 INFO [main] org.apache.catalina.core.StandardEngine.startInternal Starting Servlet engine: [Apache Tomcat/9.0.75]
29-Nov-2023 14:50:35.211 INFO [main] org.apache.catalina.startup.HostConfig.deployDirectory Deploying web application directory [/opt/teamcity/webapps/ROOT]
29-Nov-2023 14:50:46.888 INFO [main] org.apache.catalina.startup.HostConfig.deployDirectory Deployment of web application directory [/opt/teamcity/webapps/ROOT] has finished in [11,677] ms
29-Nov-2023 14:50:46.898 INFO [main] org.apache.coyote.AbstractProtocol.start Starting ProtocolHandler ["http-nio-8111"]
29-Nov-2023 14:50:46.986 INFO [main] org.apache.catalina.startup.Catalina.start Server startup in [11930] milliseconds
29-Nov-2023 14:54:31.768 INFO [main] org.apache.catalina.core.StandardServer.await A valid shutdown command was received via the shutdown port. Stopping the Server instance.
29-Nov-2023 14:54:31.769 INFO [main] org.apache.coyote.AbstractProtocol.pause Pausing ProtocolHandler ["http-nio-8111"]
29-Nov-2023 14:54:31.769 INFO [main] org.apache.catalina.core.StandardService.stopInternal Stopping service [Catalina]
29-Nov-2023 14:54:31.822 WARNING [main] org.apache.catalina.loader.WebappClassLoaderBase.clearReferencesJdbc The web application [ROOT] registered the JDBC driver [org.hsqldb.jdbc.JDBCDriver] but failed to unregister it when the web application was stopped. To prevent a memory leak, the JDBC Driver has been forcibly unregistered.
29-Nov-2023 14:54:31.823 WARNING [main] org.apache.catalina.loader.WebappClassLoaderBase.clearReferencesJdbc The web application [ROOT] registered the JDBC driver [org.hsqldb1.jdbcDriver] but failed to unregister it when the web application was stopped. To prevent a memory leak, the JDBC Driver has been forcibly unregistered.
29-Nov-2023 14:54:31.831 WARNING [main] org.apache.catalina.loader.WebappClassLoaderBase.clearReferencesThreads The web application [ROOT] appears to have started a thread named [Change Observer 1] but has failed to stop it. This is very likely to create a memory leak. Stack trace of thread:
 java.base@17.0.7/jdk.internal.misc.Unsafe.park(Native Method)
 java.base@17.0.7/java.util.concurrent.locks.LockSupport.parkNanos(LockSupport.java:252)
 java.base@17.0.7/java.util.concurrent.locks.AbstractQueuedSynchronizer$ConditionObject.awaitNanos(AbstractQueuedSynchronizer.java:1672)
 java.base@17.0.7/java.util.concurrent.ScheduledThreadPoolExecutor$DelayedWorkQueue.take(ScheduledThreadPoolExecutor.java:1182)
 java.base@17.0.7/java.util.concurrent.ScheduledThreadPoolExecutor$DelayedWorkQueue.take(ScheduledThreadPoolExecutor.java:899)
 java.base@17.0.7/java.util.concurrent.ThreadPoolExecutor.getTask(ThreadPoolExecutor.java:1062)
 java.base@17.0.7/java.util.concurrent.ThreadPoolExecutor.runWorker(ThreadPoolExecutor.java:1122)
 java.base@17.0.7/java.util.concurrent.ThreadPoolExecutor$Worker.run(ThreadPoolExecutor.java:635)
 java.base@17.0.7/java.lang.Thread.run(Thread.java:833)
29-Nov-2023 14:54:31.832 SEVERE [main] org.apache.catalina.loader.WebappClassLoaderBase.checkThreadLocalMapForLeaks The web application [ROOT] created a ThreadLocal with key of type [jetbrains.buildServer.util.ThreadStat$1] (value [jetbrains.buildServer.util.ThreadStat$1@34c5c1ae]) and a value of type [jetbrains.buildServer.util.NoOpTraceState] (value [jetbrains.buildServer.util.NoOpTraceState@195251a2]) but failed to remove it when the web application was stopped. Threads are going to be renewed over time to try and avoid a probable memory leak.
29-Nov-2023 14:54:31.832 SEVERE [main] org.apache.catalina.loader.WebappClassLoaderBase.checkThreadLocalMapForLeaks The web application [ROOT] created a ThreadLocal with key of type [java.lang.ThreadLocal] (value [java.lang.ThreadLocal@3f80294b]) and a value of type [jetbrains.buildServer.util.NamedThreadFactory$1] (value [jetbrains.buildServer.util.NamedThreadFactory$1@7b2b9c55]) but failed to remove it when the web application was stopped. Threads are going to be renewed over time to try and avoid a probable memory leak.
29-Nov-2023 14:54:31.841 INFO [main] org.apache.coyote.AbstractProtocol.stop Stopping ProtocolHandler ["http-nio-8111"]
29-Nov-2023 14:54:31.848 INFO [main] org.apache.coyote.AbstractProtocol.destroy Destroying ProtocolHandler ["http-nio-8111"]
29-Nov-2023 16:23:56.480 INFO [main] org.apache.catalina.startup.VersionLoggerListener.log Server version name:   Apache Tomcat/9.0.75
29-Nov-2023 16:23:56.489 INFO [main] org.apache.catalina.startup.VersionLoggerListener.log Server built:          May 4 2023 13:04:05 UTC
29-Nov-2023 16:23:56.489 INFO [main] org.apache.catalina.startup.VersionLoggerListener.log Server version number: 9.0.75.0
29-Nov-2023 16:23:56.489 INFO [main] org.apache.catalina.startup.VersionLoggerListener.log OS Name:               Linux
29-Nov-2023 16:23:56.490 INFO [main] org.apache.catalina.startup.VersionLoggerListener.log OS Version:            5.15.49-linuxkit-pr
29-Nov-2023 16:23:56.490 INFO [main] org.apache.catalina.startup.VersionLoggerListener.log Architecture:          aarch64
29-Nov-2023 16:23:56.490 INFO [main] org.apache.catalina.startup.VersionLoggerListener.log Java Home:             /opt/java/openjdk
29-Nov-2023 16:23:56.490 INFO [main] org.apache.catalina.startup.VersionLoggerListener.log JVM Version:           17.0.7+7-LTS
29-Nov-2023 16:23:56.490 INFO [main] org.apache.catalina.startup.VersionLoggerListener.log JVM Vendor:            Amazon.com Inc.
29-Nov-2023 16:23:56.491 INFO [main] org.apache.catalina.startup.VersionLoggerListener.log CATALINA_BASE:         /opt/teamcity
29-Nov-2023 16:23:56.491 INFO [main] org.apache.catalina.startup.VersionLoggerListener.log CATALINA_HOME:         /opt/teamcity
29-Nov-2023 16:23:56.500 INFO [main] org.apache.catalina.startup.VersionLoggerListener.log Command line argument: --add-opens=jdk.management/com.sun.management.internal=ALL-UNNAMED
29-Nov-2023 16:23:56.501 INFO [main] org.apache.catalina.startup.VersionLoggerListener.log Command line argument: -XX:+IgnoreUnrecognizedVMOptions
29-Nov-2023 16:23:56.501 INFO [main] org.apache.catalina.startup.VersionLoggerListener.log Command line argument: --add-opens=java.base/java.lang=ALL-UNNAMED
29-Nov-2023 16:23:56.501 INFO [main] org.apache.catalina.startup.VersionLoggerListener.log Command line argument: --add-opens=java.base/java.io=ALL-UNNAMED
29-Nov-2023 16:23:56.501 INFO [main] org.apache.catalina.startup.VersionLoggerListener.log Command line argument: --add-opens=java.base/java.util=ALL-UNNAMED
29-Nov-2023 16:23:56.501 INFO [main] org.apache.catalina.startup.VersionLoggerListener.log Command line argument: --add-opens=java.base/java.util.concurrent=ALL-UNNAMED
29-Nov-2023 16:23:56.501 INFO [main] org.apache.catalina.startup.VersionLoggerListener.log Command line argument: --add-opens=java.rmi/sun.rmi.transport=ALL-UNNAMED
29-Nov-2023 16:23:56.502 INFO [main] org.apache.catalina.startup.VersionLoggerListener.log Command line argument: -Djava.util.logging.config.file=/opt/teamcity/conf/logging.properties
29-Nov-2023 16:23:56.502 INFO [main] org.apache.catalina.startup.VersionLoggerListener.log Command line argument: -Djava.util.logging.manager=org.apache.juli.ClassLoaderLogManager
29-Nov-2023 16:23:56.502 INFO [main] org.apache.catalina.startup.VersionLoggerListener.log Command line argument: -Djdk.tls.ephemeralDHKeySize=2048
29-Nov-2023 16:23:56.502 INFO [main] org.apache.catalina.startup.VersionLoggerListener.log Command line argument: -Djava.protocol.handler.pkgs=org.apache.catalina.webresources
29-Nov-2023 16:23:56.502 INFO [main] org.apache.catalina.startup.VersionLoggerListener.log Command line argument: -Dorg.apache.catalina.security.SecurityListener.UMASK=0027
29-Nov-2023 16:23:56.502 INFO [main] org.apache.catalina.startup.VersionLoggerListener.log Command line argument: -Xmx2g
29-Nov-2023 16:23:56.502 INFO [main] org.apache.catalina.startup.VersionLoggerListener.log Command line argument: -XX:ReservedCodeCacheSize=640m
29-Nov-2023 16:23:56.503 INFO [main] org.apache.catalina.startup.VersionLoggerListener.log Command line argument: -Dteamcity.configuration.path=../conf/teamcity-startup.properties
29-Nov-2023 16:23:56.503 INFO [main] org.apache.catalina.startup.VersionLoggerListener.log Command line argument: -Dlog4j2.configurationFile=file:/opt/teamcity/bin/../conf/teamcity-server-log4j.xml
29-Nov-2023 16:23:56.504 INFO [main] org.apache.catalina.startup.VersionLoggerListener.log Command line argument: -Dteamcity_logs=/opt/teamcity/bin/../logs
29-Nov-2023 16:23:56.504 INFO [main] org.apache.catalina.startup.VersionLoggerListener.log Command line argument: -Djava.awt.headless=true
29-Nov-2023 16:23:56.504 INFO [main] org.apache.catalina.startup.VersionLoggerListener.log Command line argument: -Dignore.endorsed.dirs=
29-Nov-2023 16:23:56.504 INFO [main] org.apache.catalina.startup.VersionLoggerListener.log Command line argument: -Dcatalina.base=/opt/teamcity
29-Nov-2023 16:23:56.505 INFO [main] org.apache.catalina.startup.VersionLoggerListener.log Command line argument: -Dcatalina.home=/opt/teamcity
29-Nov-2023 16:23:56.505 INFO [main] org.apache.catalina.startup.VersionLoggerListener.log Command line argument: -Djava.io.tmpdir=/opt/teamcity/temp
29-Nov-2023 16:23:56.506 INFO [main] org.apache.catalina.core.AprLifecycleListener.lifecycleEvent The Apache Tomcat Native library which allows using OpenSSL was not found on the java.library.path: [/usr/java/packages/lib:/usr/lib64:/lib64:/lib:/usr/lib]
29-Nov-2023 16:23:56.919 INFO [main] org.apache.coyote.AbstractProtocol.init Initializing ProtocolHandler ["http-nio-8111"]
29-Nov-2023 16:23:56.935 INFO [main] org.apache.catalina.startup.Catalina.load Server initialization in [722] milliseconds
29-Nov-2023 16:23:56.964 INFO [main] org.apache.catalina.core.StandardService.startInternal Starting service [Catalina]
29-Nov-2023 16:23:56.967 INFO [main] org.apache.catalina.core.StandardEngine.startInternal Starting Servlet engine: [Apache Tomcat/9.0.75]
29-Nov-2023 16:23:56.970 INFO [main] org.apache.catalina.startup.HostConfig.deployDirectory Deploying web application directory [/opt/teamcity/webapps/ROOT]
29-Nov-2023 16:24:02.726 INFO [main] org.apache.catalina.startup.HostConfig.deployDirectory Deployment of web application directory [/opt/teamcity/webapps/ROOT] has finished in [5,749] ms
29-Nov-2023 16:24:02.732 INFO [main] org.apache.coyote.AbstractProtocol.start Starting ProtocolHandler ["http-nio-8111"]
29-Nov-2023 16:24:02.828 INFO [main] org.apache.catalina.startup.Catalina.start Server startup in [5893] milliseconds
