[2023-11-29 14:50:46,017]   INFO -  jetbrains.buildServer.STARTUP - Path to the startup configuration file: /opt/teamcity/bin/../conf/teamcity-startup.properties
[2023-11-29 14:50:46,386]   INFO -   jetbrains.buildServer.SERVER - Using logs directory "/opt/teamcity/logs"
[2023-11-29 14:50:46,793]   INFO -  jetbrains.buildServer.STARTUP - 






[2023-11-29 14:50:46,794]   INFO -  jetbrains.buildServer.STARTUP - ===========================================================
[2023-11-29 14:50:46,795]   INFO -  jetbrains.buildServer.STARTUP - Starting TeamCity server
[2023-11-29 14:50:47,142]   INFO -  jetbrains.buildServer.STARTUP - TeamCity version: 2023.05.4 (build 129421), data format version 994
[2023-11-29 14:50:47,154]   INFO -  jetbrains.buildServer.STARTUP - OS: Linux, version 5.15.49-linuxkit-pr, aarch64, Current user: tcuser, Time zone: GMT (UTC)
[2023-11-29 14:50:47,161]   INFO -  jetbrains.buildServer.STARTUP - Java: 17.0.7, OpenJDK 64-Bit Server VM (17.0.7+7-LTS, mixed mode, sharing), OpenJDK Runtime Environment (17.0.7+7-LTS), Amazon.com Inc.; JVM parameters: --add-opens=jdk.management/com.sun.management.internal=ALL-UNNAMED -XX:+IgnoreUnrecognizedVMOptions --add-opens=java.base/java.lang=ALL-UNNAMED --add-opens=java.base/java.io=ALL-UNNAMED --add-opens=java.base/java.util=ALL-UNNAMED --add-opens=java.base/java.util.concurrent=ALL-UNNAMED --add-opens=java.rmi/sun.rmi.transport=ALL-UNNAMED -Djava.util.logging.config.file=/opt/teamcity/conf/logging.properties -Djava.util.logging.manager=org.apache.juli.ClassLoaderLogManager -Djdk.tls.ephemeralDHKeySize=2048 -Djava.protocol.handler.pkgs=org.apache.catalina.webresources -Dorg.apache.catalina.security.SecurityListener.UMASK=0027 -Xmx2g -XX:ReservedCodeCacheSize=640m -Dteamcity.configuration.path=../conf/teamcity-startup.properties -Dlog4j2.configurationFile=file:/opt/teamcity/bin/../conf/teamcity-server-log4j.xml -Dteamcity_logs=/opt/teamcity/bin/../logs -Djava.awt.headless=true -Dignore.endorsed.dirs= -Dcatalina.base=/opt/teamcity -Dcatalina.home=/opt/teamcity -Djava.io.tmpdir=/opt/teamcity/temp
[2023-11-29 14:50:47,163]   INFO -  jetbrains.buildServer.STARTUP - Garbage collection: G1 Young Generation, G1 Old Generation
[2023-11-29 14:50:47,173]   INFO -  jetbrains.buildServer.STARTUP - Web server version: Apache Tomcat/9.0.75
[2023-11-29 14:50:47,183]   INFO -  jetbrains.buildServer.STARTUP - Server IP addresses: 172.19.0.4
[2023-11-29 14:50:47,193]   INFO -  jetbrains.buildServer.STARTUP - Web server ports: 8111 (protocol: HTTP/1.1, scheme: http), 8105 (shutdown port)
[2023-11-29 14:50:47,201]   INFO -  jetbrains.buildServer.STARTUP - Context path: "/", servlet real path: "/opt/teamcity/webapps/ROOT"
[2023-11-29 14:50:47,211]   INFO -  jetbrains.buildServer.STARTUP - TeamCity distribution type: docker-ubuntu
[2023-11-29 14:50:47,274]   INFO -  jetbrains.buildServer.STARTUP - TeamCity server node id: MAIN_SERVER
[2023-11-29 14:50:47,286]   INFO -  jetbrains.buildServer.STARTUP - Version file lock was successfully obtained: /opt/teamcity/webapps/ROOT/BUILD_129421
[2023-11-29 14:50:47,329]   INFO -  jetbrains.buildServer.STARTUP - Current stage: Looking for the TeamCity Data Directory
[2023-11-29 14:50:47,336]   INFO -  jetbrains.buildServer.STARTUP - The TeamCity Data Directory path is determined using the environment variable TEAMCITY_DATA_PATH
[2023-11-29 14:50:47,358]   INFO -  jetbrains.buildServer.STARTUP - The TeamCity Data Directory "/data/teamcity_server/datadir" exists
[2023-11-29 14:50:47,363]   INFO -  jetbrains.buildServer.STARTUP - Bypassing the First Start screen because the 'database.properties' file exists
[2023-11-29 14:50:47,364]   INFO -  jetbrains.buildServer.STARTUP - Current stage: Initializing the TeamCity Data Directory
[2023-11-29 14:50:47,371]   INFO -  jetbrains.buildServer.STARTUP - Node specific data directory location: /data/teamcity_server/datadir
[2023-11-29 14:50:47,372]   INFO -  jetbrains.buildServer.STARTUP - Will use custom path for the database properties file: /data/teamcity_server/datadir/config/database.properties
[2023-11-29 14:50:47,376]   INFO -  jetbrains.buildServer.STARTUP - The TeamCity server caches directory is set to the path: /data/teamcity_server/datadir/system/caches
[2023-11-29 14:50:47,459]   INFO - er.https.HttpsConfiguratorImpl - Https is not configured.
[2023-11-29 14:50:47,465]   INFO -  jetbrains.buildServer.STARTUP - Bypassing asking a user for DB settings because the 'database.properties' file exists
[2023-11-29 14:50:47,467]   INFO -  jetbrains.buildServer.STARTUP - Current stage: Creating a new database
[2023-11-29 14:50:47,471]   INFO -  jetbrains.buildServer.STARTUP - Creating a new database
[2023-11-29 14:50:47,994]   INFO -  jetbrains.buildServer.STARTUP - Downloading JDBC driver metadata from <https://download.jetbrains.com/teamcity/database-drivers/2023.5.xml?myVersion=2023.05.4&javaVersion=17.0.7>...
[2023-11-29 14:50:50,002]   INFO -  jetbrains.buildServer.STARTUP - Downloading postgresql JDBC driver...
[2023-11-29 14:50:51,549]   INFO -  jetbrains.buildServer.STARTUP - Successfully downloaded postgresql JDBC driver.
[2023-11-29 14:50:51,552]   INFO -  jetbrains.buildServer.STARTUP - JDBC loader: loading JDBC drivers (for the first time)
[2023-11-29 14:50:51,615]   INFO -  jetbrains.buildServer.STARTUP - Effective database connection properties:
[2023-11-29 14:50:51,617]   INFO -  jetbrains.buildServer.STARTUP - 	ApplicationName=TeamCity [defaults]
[2023-11-29 14:50:51,617]   INFO -  jetbrains.buildServer.STARTUP - 	autosave=always [defaults]
[2023-11-29 14:50:51,624]   INFO -  jetbrains.buildServer.STARTUP - 	cleanupSavepoints=true [defaults]
[2023-11-29 14:50:51,891]  ERROR -  jetbrains.buildServer.STARTUP - Unexpected exception: SQL error when doing 'Querying for a single value '
ERROR: unrecognized configuration parameter "lc_collate" while performing SQL query: SQL UNKNOWN: show lc_collate: org.postgresql.util.PSQLException: ERROR: unrecognized configuration parameter "lc_collate"
[2023-11-29 14:50:51,891]   INFO -  jetbrains.buildServer.STARTUP - Current stage: TeamCity server startup error
[2023-11-29 14:54:31,770]   INFO -  jetbrains.buildServer.STARTUP - Server shutdown event received
[2023-11-29 14:54:31,770]   INFO -  jetbrains.buildServer.STARTUP - Current stage: TeamCity server is shutting down
[2023-11-29 14:54:31,771]   INFO -  jetbrains.buildServer.STARTUP - Stopping the main application
[2023-11-29 14:54:31,772]   INFO -  jetbrains.buildServer.STARTUP - The main servlet is not initialized, nothing to shut down.
[2023-11-29 14:54:31,773]   INFO -  jetbrains.buildServer.STARTUP - Version file lock was released: /opt/teamcity/webapps/ROOT/BUILD_129421
[2023-11-29 14:54:31,791]   INFO -  jetbrains.buildServer.STARTUP - Server shutdown complete. Uptime was 3m:45s
[2023-11-29 16:24:02,188]   INFO -  jetbrains.buildServer.STARTUP - Path to the startup configuration file: /opt/teamcity/bin/../conf/teamcity-startup.properties
[2023-11-29 16:24:02,468]   INFO -   jetbrains.buildServer.SERVER - Using logs directory "/opt/teamcity/logs"
[2023-11-29 16:24:02,669]   INFO -  jetbrains.buildServer.STARTUP - 






[2023-11-29 16:24:02,673]   INFO -  jetbrains.buildServer.STARTUP - ===========================================================
[2023-11-29 16:24:02,673]   INFO -  jetbrains.buildServer.STARTUP - Starting TeamCity server
[2023-11-29 16:24:02,909]   INFO -  jetbrains.buildServer.STARTUP - TeamCity version: 2023.05.4 (build 129421), data format version 994
[2023-11-29 16:24:02,913]   INFO -  jetbrains.buildServer.STARTUP - OS: Linux, version 5.15.49-linuxkit-pr, aarch64, Current user: tcuser, Time zone: GMT (UTC)
[2023-11-29 16:24:02,916]   INFO -  jetbrains.buildServer.STARTUP - Java: 17.0.7, OpenJDK 64-Bit Server VM (17.0.7+7-LTS, mixed mode, sharing), OpenJDK Runtime Environment (17.0.7+7-LTS), Amazon.com Inc.; JVM parameters: --add-opens=jdk.management/com.sun.management.internal=ALL-UNNAMED -XX:+IgnoreUnrecognizedVMOptions --add-opens=java.base/java.lang=ALL-UNNAMED --add-opens=java.base/java.io=ALL-UNNAMED --add-opens=java.base/java.util=ALL-UNNAMED --add-opens=java.base/java.util.concurrent=ALL-UNNAMED --add-opens=java.rmi/sun.rmi.transport=ALL-UNNAMED -Djava.util.logging.config.file=/opt/teamcity/conf/logging.properties -Djava.util.logging.manager=org.apache.juli.ClassLoaderLogManager -Djdk.tls.ephemeralDHKeySize=2048 -Djava.protocol.handler.pkgs=org.apache.catalina.webresources -Dorg.apache.catalina.security.SecurityListener.UMASK=0027 -Xmx2g -XX:ReservedCodeCacheSize=640m -Dteamcity.configuration.path=../conf/teamcity-startup.properties -Dlog4j2.configurationFile=file:/opt/teamcity/bin/../conf/teamcity-server-log4j.xml -Dteamcity_logs=/opt/teamcity/bin/../logs -Djava.awt.headless=true -Dignore.endorsed.dirs= -Dcatalina.base=/opt/teamcity -Dcatalina.home=/opt/teamcity -Djava.io.tmpdir=/opt/teamcity/temp
[2023-11-29 16:24:02,930]   INFO -  jetbrains.buildServer.STARTUP - Garbage collection: G1 Young Generation, G1 Old Generation
[2023-11-29 16:24:02,937]   INFO -  jetbrains.buildServer.STARTUP - Web server version: Apache Tomcat/9.0.75
[2023-11-29 16:24:02,942]   INFO -  jetbrains.buildServer.STARTUP - Server IP addresses: 172.19.0.6
[2023-11-29 16:24:02,947]   INFO -  jetbrains.buildServer.STARTUP - Web server ports: 8111 (protocol: HTTP/1.1, scheme: http), 8105 (shutdown port)
[2023-11-29 16:24:02,958]   INFO -  jetbrains.buildServer.STARTUP - Context path: "/", servlet real path: "/opt/teamcity/webapps/ROOT"
[2023-11-29 16:24:02,964]   INFO -  jetbrains.buildServer.STARTUP - TeamCity distribution type: docker-ubuntu
[2023-11-29 16:24:02,998]   INFO -  jetbrains.buildServer.STARTUP - TeamCity server node id: MAIN_SERVER
[2023-11-29 16:24:03,021]   INFO -  jetbrains.buildServer.STARTUP - Version file lock was successfully obtained: /opt/teamcity/webapps/ROOT/BUILD_129421
[2023-11-29 16:24:03,065]   INFO -  jetbrains.buildServer.STARTUP - Current stage: Looking for the TeamCity Data Directory
[2023-11-29 16:24:03,069]   INFO -  jetbrains.buildServer.STARTUP - The TeamCity Data Directory path is determined using the environment variable TEAMCITY_DATA_PATH
[2023-11-29 16:24:03,090]   INFO -  jetbrains.buildServer.STARTUP - The TeamCity Data Directory "/data/teamcity_server/datadir" exists
[2023-11-29 16:24:03,091]   INFO -  jetbrains.buildServer.STARTUP - Bypassing the First Start screen because the 'database.properties' file exists
[2023-11-29 16:24:03,091]   INFO -  jetbrains.buildServer.STARTUP - Current stage: Initializing the TeamCity Data Directory
[2023-11-29 16:24:03,093]   INFO -  jetbrains.buildServer.STARTUP - Node specific data directory location: /data/teamcity_server/datadir
[2023-11-29 16:24:03,094]   INFO -  jetbrains.buildServer.STARTUP - Will use custom path for the database properties file: /data/teamcity_server/datadir/config/database.properties
[2023-11-29 16:24:03,095]   INFO -  jetbrains.buildServer.STARTUP - The TeamCity server caches directory is set to the path: /data/teamcity_server/datadir/system/caches
[2023-11-29 16:24:03,138]   INFO - er.https.HttpsConfiguratorImpl - Https is not configured.
[2023-11-29 16:24:03,144]   INFO -  jetbrains.buildServer.STARTUP - Bypassing asking a user for DB settings because the 'database.properties' file exists
[2023-11-29 16:24:03,144]   INFO -  jetbrains.buildServer.STARTUP - Current stage: Creating a new database
[2023-11-29 16:24:03,145]   INFO -  jetbrains.buildServer.STARTUP - Creating a new database
[2023-11-29 16:24:03,154]   INFO -  jetbrains.buildServer.STARTUP - JDBC loader: loading JDBC drivers (for the first time)
[2023-11-29 16:24:03,324]   INFO -  jetbrains.buildServer.STARTUP - Effective database connection properties:
[2023-11-29 16:24:03,330]   INFO -  jetbrains.buildServer.STARTUP - 	ApplicationName=TeamCity [defaults]
[2023-11-29 16:24:03,331]   INFO -  jetbrains.buildServer.STARTUP - 	autosave=always [defaults]
[2023-11-29 16:24:03,331]   INFO -  jetbrains.buildServer.STARTUP - 	cleanupSavepoints=true [defaults]
[2023-11-29 16:24:03,628]  ERROR -  jetbrains.buildServer.STARTUP - Unexpected exception: SQL error when doing 'Querying for a single value '
ERROR: unrecognized configuration parameter "lc_collate" while performing SQL query: SQL UNKNOWN: show lc_collate: org.postgresql.util.PSQLException: ERROR: unrecognized configuration parameter "lc_collate"
[2023-11-29 16:24:03,629]   INFO -  jetbrains.buildServer.STARTUP - Current stage: TeamCity server startup error
